0 info it worked if it ends with ok
1 verbose cli [ '/usr/local/bin/node',
1 verbose cli   '/usr/local/lib/node_modules/npm/bin/npm-cli.js',
1 verbose cli   'run-script',
1 verbose cli   'build' ]
2 info using npm@4.1.2
3 info using node@v6.9.4
4 verbose run-script [ 'prebuild', 'build', 'postbuild' ]
5 info lifecycle untitled6@1.0.0~prebuild: untitled6@1.0.0
6 silly lifecycle untitled6@1.0.0~prebuild: no script for prebuild, continuing
7 info lifecycle untitled6@1.0.0~build: untitled6@1.0.0
8 verbose lifecycle untitled6@1.0.0~build: unsafe-perm in lifecycle true
9 verbose lifecycle untitled6@1.0.0~build: PATH: /usr/local/lib/node_modules/npm/bin/node-gyp-bin:/Users/danielshnayderman/WebstormProjects/untitled6/node_modules/.bin:/usr/local/lib/dnx/runtimes/dnx-coreclr-darwin-x64.1.0.0-rc1-update1/bin:/Users/danielshnayderman/.dnx/bin:/usr/local/bin:/usr/bin:/bin:/usr/sbin:/sbin:/usr/local/share/dotnet
10 verbose lifecycle untitled6@1.0.0~build: CWD: /Users/danielshnayderman/WebstormProjects/untitled6
11 silly lifecycle untitled6@1.0.0~build: Args: [ '-c', 'NODE_ENV=production webpack' ]
12 silly lifecycle untitled6@1.0.0~build: Returned: code: 2  signal: null
13 info lifecycle untitled6@1.0.0~build: Failed to exec build script
14 verbose stack Error: untitled6@1.0.0 build: `NODE_ENV=production webpack`
14 verbose stack Exit status 2
14 verbose stack     at EventEmitter.<anonymous> (/usr/local/lib/node_modules/npm/lib/utils/lifecycle.js:279:16)
14 verbose stack     at emitTwo (events.js:106:13)
14 verbose stack     at EventEmitter.emit (events.js:191:7)
14 verbose stack     at ChildProcess.<anonymous> (/usr/local/lib/node_modules/npm/lib/utils/spawn.js:40:14)
14 verbose stack     at emitTwo (events.js:106:13)
14 verbose stack     at ChildProcess.emit (events.js:191:7)
14 verbose stack     at maybeClose (internal/child_process.js:877:16)
14 verbose stack     at Process.ChildProcess._handle.onexit (internal/child_process.js:226:5)
15 verbose pkgid untitled6@1.0.0
16 verbose cwd /Users/danielshnayderman/WebstormProjects/untitled6
17 error Darwin 16.4.0
18 error argv "/usr/local/bin/node" "/usr/local/lib/node_modules/npm/bin/npm-cli.js" "run-script" "build"
19 error node v6.9.4
20 error npm  v4.1.2
21 error code ELIFECYCLE
22 error untitled6@1.0.0 build: `NODE_ENV=production webpack`
22 error Exit status 2
23 error Failed at the untitled6@1.0.0 build script 'NODE_ENV=production webpack'.
23 error Make sure you have the latest version of node.js and npm installed.
23 error If you do, this is most likely a problem with the untitled6 package,
23 error not with npm itself.
23 error Tell the author that this fails on your system:
23 error     NODE_ENV=production webpack
23 error You can get information on how to open an issue for this project with:
23 error     npm bugs untitled6
23 error Or if that isn't available, you can get their info via:
23 error     npm owner ls untitled6
23 error There is likely additional logging output above.
24 verbose exit [ 1, true ]
